bleadd/android/app/build/intermediates/manifest_merge_blame_file/debug/manifest-merger-blame-debug-report.txt
1<?xml version="1.0" encoding="utf-8"?>
2<manifest xmlns:android="http://schemas.android.com/apk/res/android"
3    package="com.bleadd"
4    android:versionCode="1"
5    android:versionName="1.0" >
6
7    <uses-sdk
8        android:minSdkVersion="21"
9        android:targetSdkVersion="28" />
10
11    <uses-permission android:name="android.permission.SYSTEM_ALERT_WINDOW" />
11-->src\debug\AndroidManifest.xml:5:5-77
11-->src\debug\AndroidManifest.xml:5:22-75
12    <uses-permission android:name="android.permission.INTERNET" />
12-->src\main\AndroidManifest.xml:4:5-67
12-->src\main\AndroidManifest.xml:4:22-64
13    <uses-permission android:name="android.permission.BLUETOOTH" />
13-->src\main\AndroidManifest.xml:5:5-67
13-->src\main\AndroidManifest.xml:5:22-65
14    <uses-permission android:name="android.permission.BLUETOOTH_ADMIN" />
14-->src\main\AndroidManifest.xml:6:5-73
14-->src\main\AndroidManifest.xml:6:22-71
15    <uses-permission android:name="android.permission.ACCESS_COARSE_LOCATION" />
15-->src\main\AndroidManifest.xml:7:5-80
15-->src\main\AndroidManifest.xml:7:22-78
16    <uses-permission android:name="android.permission.ACCESS_WIFI_STATE" />
16-->[com.facebook.flipper:flipper:0.33.1] AndroidManifest.xml:16:5-76
16-->[com.facebook.flipper:flipper:0.33.1] AndroidManifest.xml:16:22-73
17    <uses-permission android:name="android.permission.ACCESS_FINE_LOCATION" /> <!-- Required by older versions of Google Play services to create IID tokens -->
17-->[:react-native-ble-advertiser] AndroidManifest.xml:14:5-79
17-->[:react-native-ble-advertiser] AndroidManifest.xml:14:22-76
18    <uses-permission android:name="com.google.android.c2dm.permission.RECEIVE" />
18-->[com.google.android.gms:play-services-iid:17.0.0] AndroidManifest.xml:23:5-82
18-->[com.google.android.gms:play-services-iid:17.0.0] AndroidManifest.xml:23:22-79
19    <uses-permission android:name="com.google.android.finsky.permission.BIND_GET_INSTALL_REFERRER_SERVICE" />
19-->[com.android.installreferrer:installreferrer:1.1.2] AndroidManifest.xml:9:5-110
19-->[com.android.installreferrer:installreferrer:1.1.2] AndroidManifest.xml:9:22-107
20
21    <application
21-->src\main\AndroidManifest.xml:9:5-28:19
22        android:name="com.bleadd.MainApplication"
22-->src\main\AndroidManifest.xml:10:7-38
23        android:allowBackup="false"
23-->src\main\AndroidManifest.xml:14:7-34
24        android:appComponentFactory="androidx.core.app.CoreComponentFactory"
24-->[androidx.core:core:1.1.0] AndroidManifest.xml:24:18-86
25        android:debuggable="true"
26        android:icon="@mipmap/ic_launcher"
26-->src\main\AndroidManifest.xml:12:7-41
27        android:label="@string/app_name"
27-->src\main\AndroidManifest.xml:11:7-39
28        android:roundIcon="@mipmap/ic_launcher_round"
28-->src\main\AndroidManifest.xml:13:7-52
29        android:theme="@style/AppTheme"
29-->src\main\AndroidManifest.xml:15:7-38
30        android:usesCleartextTraffic="true" >
30-->src\debug\AndroidManifest.xml:7:18-53
31        <activity
31-->src\main\AndroidManifest.xml:16:7-26:18
32            android:name="com.bleadd.MainActivity"
32-->src\main\AndroidManifest.xml:17:9-37
33            android:configChanges="keyboard|keyboardHidden|orientation|screenSize|uiMode"
33-->src\main\AndroidManifest.xml:19:9-86
34            android:label="@string/app_name"
34-->src\main\AndroidManifest.xml:18:9-41
35            android:launchMode="singleTask"
35-->src\main\AndroidManifest.xml:20:9-40
36            android:windowSoftInputMode="adjustResize" >
36-->src\main\AndroidManifest.xml:21:9-51
37            <intent-filter>
37-->src\main\AndroidManifest.xml:22:9-25:25
38                <action android:name="android.intent.action.MAIN" />
38-->src\main\AndroidManifest.xml:23:13-65
38-->src\main\AndroidManifest.xml:23:21-62
39
40                <category android:name="android.intent.category.LAUNCHER" />
40-->src\main\AndroidManifest.xml:24:13-73
40-->src\main\AndroidManifest.xml:24:23-70
41            </intent-filter>
42        </activity>
43        <activity android:name="com.facebook.react.devsupport.DevSettingsActivity" />
43-->src\main\AndroidManifest.xml:27:7-84
43-->src\main\AndroidManifest.xml:27:17-81
44
45        <receiver
45-->[:react-native-device-info] AndroidManifest.xml:13:9-21:20
46            android:name="com.learnium.RNDeviceInfo.RNDeviceReceiver"
46-->[:react-native-device-info] AndroidManifest.xml:14:13-70
47            android:enabled="true"
47-->[:react-native-device-info] AndroidManifest.xml:15:13-35
48            android:exported="true" >
48-->[:react-native-device-info] AndroidManifest.xml:16:13-36
49            <intent-filter>
49-->[:react-native-device-info] AndroidManifest.xml:18:13-20:29
50                <action android:name="com.android.vending.INSTALL_REFERRER" />
50-->[:react-native-device-info] AndroidManifest.xml:19:17-79
50-->[:react-native-device-info] AndroidManifest.xml:19:25-76
51            </intent-filter>
52        </receiver>
53
54        <activity
54-->[com.google.android.gms:play-services-base:17.0.0] AndroidManifest.xml:23:9-26:75
55            android:name="com.google.android.gms.common.api.GoogleApiActivity"
55-->[com.google.android.gms:play-services-base:17.0.0] AndroidManifest.xml:24:13-79
56            android:exported="false"
56-->[com.google.android.gms:play-services-base:17.0.0] AndroidManifest.xml:25:13-37
57            android:theme="@android:style/Theme.Translucent.NoTitleBar" />
57-->[com.google.android.gms:play-services-base:17.0.0] AndroidManifest.xml:26:13-72
58
59        <meta-data
59-->[com.google.android.gms:play-services-basement:17.0.0] AndroidManifest.xml:23:9-25:69
60            android:name="com.google.android.gms.version"
60-->[com.google.android.gms:play-services-basement:17.0.0] AndroidManifest.xml:24:13-58
61            android:value="@integer/google_play_services_version" />
61-->[com.google.android.gms:play-services-basement:17.0.0] AndroidManifest.xml:25:13-66
62    </application>
63
64</manifest>